[Info  - 08:55:51] Pylance language server 2021.12.2 (pyright 211ebe44) starting
[Info  - 08:55:51] Server root directory: /home/mauros/.vscode/extensions/ms-python.vscode-pylance-2021.12.2/dist
[Info  - 08:55:51] No configuration file found.
[Info  - 08:55:51] No pyproject.toml file found.
[Info  - 08:55:51] Setting pythonPath for service "python": "/bin/python3"
[Warn  - 08:55:51] stubPath /home/mauros/Documentos/docker-projects/python/typings is not a valid directory.
[Info  - 08:55:51] Assuming Python version 3.8
[Info  - 08:55:51] Assuming Python platform Linux
[Warn  - 08:55:52] Exception received when installing file system watcher: TypeError [ERR_FEATURE_UNAVAILABLE_ON_PLATFORM]: The feature watch recursively is unavailable on the current platform, which is being used to run Node.js
[Warn  - 08:55:52] Exception received when installing file system watcher: TypeError [ERR_FEATURE_UNAVAILABLE_ON_PLATFORM]: The feature watch recursively is unavailable on the current platform, which is being used to run Node.js
[Warn  - 08:55:52] Exception received when installing file system watcher: TypeError [ERR_FEATURE_UNAVAILABLE_ON_PLATFORM]: The feature watch recursively is unavailable on the current platform, which is being used to run Node.js
[Warn  - 08:55:52] Exception received when installing file system watcher: TypeError [ERR_FEATURE_UNAVAILABLE_ON_PLATFORM]: The feature watch recursively is unavailable on the current platform, which is being used to run Node.js
[Info  - 08:55:52] Searching for source files
[Info  - 08:55:52] Found 14 source files
[Info  - 08:55:52] Background analysis(1) root directory: /home/mauros/.vscode/extensions/ms-python.vscode-pylance-2021.12.2/dist
[Info  - 08:55:52] Background analysis(1) started
[Info  - 08:55:54] Searching for source files
[Info  - 08:55:54] Found 14 source files
[Info  - 08:56:18] Searching for source files
[Info  - 08:56:18] Found 14 source files
[Info  - 08:56:20] Searching for source files
[Info  - 08:56:20] Found 14 source files
[Info  - 08:56:42] Searching for source files
[Info  - 08:56:42] Found 14 source files
[Info  - 08:56:57] Searching for source files
[Info  - 08:56:57] Found 14 source files
[Info  - 08:57:12] Searching for source files
[Info  - 08:57:12] Found 14 source files
[Info  - 09:02:21] Searching for source files
[Info  - 09:02:21] Found 14 source files
[Info  - 09:02:29] Searching for source files
[Info  - 09:02:29] Found 14 source files
[Info  - 09:02:42] Searching for source files
[Info  - 09:02:42] Found 14 source files
[Info  - 09:02:48] Searching for source files
[Info  - 09:02:48] Found 14 source files
[Info  - 09:03:13] Searching for source files
[Info  - 09:03:13] Found 14 source files
[Info  - 09:03:24] Searching for source files
[Info  - 09:03:24] Found 14 source files
[Info  - 09:03:26] Searching for source files
[Info  - 09:03:26] Found 14 source files
[Info  - 09:04:04] Searching for source files
[Info  - 09:04:04] Found 14 source files
[Info  - 09:05:29] Searching for source files
[Info  - 09:05:29] Found 14 source files
[Info  - 09:06:14] Searching for source files
[Info  - 09:06:14] Found 14 source files
[Info  - 09:10:42] Searching for source files
[Info  - 09:10:42] Found 14 source files
[Info  - 09:10:46] Searching for source files
[Info  - 09:10:46] Found 14 source files
[Info  - 09:10:54] Searching for source files
[Info  - 09:10:54] Found 14 source files
[Info  - 09:16:37] Searching for source files
[Info  - 09:16:37] Found 14 source files
[Info  - 09:16:38] Searching for source files
[Info  - 09:16:38] Found 14 source files
