[2021-12-27 21:29:34.423] [exthost] [info] Extension host with pid 91898 started
[2021-12-27 21:29:34.423] [exthost] [info] Skipping acquiring lock for /home/mauros/Documentos/docker-projects/python/~/root/User/workspaceStorage/4e4c7c781243285d82a93f0d88aceb65.
[2021-12-27 21:29:34.747] [exthost] [info] ExtensionService#_doActivateExtension vscode.microsoft-authentication, startup: false, activationEvent: 'onAuthenticationRequest:microsoft'
[2021-12-27 21:29:34.825] [exthost] [info] ExtensionService#_doActivateExtension ms-azuretools.vscode-docker, startup: false, activationEvent: 'onLanguage:dockercompose'
[2021-12-27 21:29:35.080] [exthost] [info] ExtensionService#_doActivateExtension vscode.debug-auto-launch, startup: true, activationEvent: '*'
[2021-12-27 21:29:35.085] [exthost] [info] ExtensionService#_doActivateExtension vscode.git-base, startup: true, activationEvent: '*', root cause: vscode.github
[2021-12-27 21:29:35.090] [exthost] [info] ExtensionService#_doActivateExtension chenxsan.vscode-standardjs, startup: true, activationEvent: '*'
[2021-12-27 21:29:35.126] [exthost] [info] ExtensionService#_doActivateExtension naumovs.color-highlight, startup: true, activationEvent: '*'
[2021-12-27 21:29:35.135] [exthost] [info] ExtensionService#_doActivateExtension ritwickdey.LiveServer, startup: true, activationEvent: '*'
[2021-12-27 21:29:35.657] [exthost] [info] ExtensionService#_doActivateExtension vscode-icons-team.vscode-icons, startup: true, activationEvent: '*'
[2021-12-27 21:29:35.695] [exthost] [info] ExtensionService#_doActivateExtension Zignd.html-css-class-completion, startup: true, activationEvent: '*'
[2021-12-27 21:29:36.184] [exthost] [info] ExtensionService#_doActivateExtension p1c2u.docker-compose, startup: true, activationEvent: 'workspaceContains:**/docker-compose.yml'
[2021-12-27 21:29:36.419] [exthost] [info] ExtensionService#_doActivateExtension vscode.github-authentication, startup: false, activationEvent: 'onAuthenticationRequest:github'
[2021-12-27 21:29:37.471] [exthost] [info] ExtensionService#_doActivateExtension vscode.git, startup: true, activationEvent: '*'
[2021-12-27 21:29:37.491] [exthost] [info] ExtensionService#_doActivateExtension vscode.github, startup: true, activationEvent: '*'
[2021-12-27 21:29:37.555] [exthost] [info] Eager extensions activated
[2021-12-27 21:29:37.639] [exthost] [info] ExtensionService#_doActivateExtension vscode.emmet, startup: false, activationEvent: 'onStartupFinished'
[2021-12-27 21:29:37.672] [exthost] [info] ExtensionService#_doActivateExtension vscode.merge-conflict, startup: false, activationEvent: 'onStartupFinished'
[2021-12-27 21:29:37.675] [exthost] [info] ExtensionService#_doActivateExtension esbenp.prettier-vscode, startup: false, activationEvent: 'onStartupFinished'
[2021-12-27 21:29:38.443] [exthost] [info] ExtensionService#_doActivateExtension ms-vscode-remote.remote-containers, startup: false, activationEvent: 'onStartupFinished'
[2021-12-27 21:29:38.604] [exthost] [info] ExtensionService#_doActivateExtension PKief.material-icon-theme, startup: false, activationEvent: 'onStartupFinished'
[2021-12-27 21:29:53.160] [exthost] [warning] [Decorations] CAPPING events from decorations provider vscode.git 769
[2021-12-27 21:32:25.037] [exthost] [warning] [Decorations] CAPPING events from decorations provider vscode.git 770
[2021-12-27 21:32:30.162] [exthost] [warning] [Decorations] CAPPING events from decorations provider vscode.git 766
[2021-12-27 21:32:31.458] [exthost] [info] ExtensionService#_doActivateExtension vscode.extension-editing, startup: false, activationEvent: 'onLanguage:markdown'
[2021-12-27 21:32:31.529] [exthost] [info] ExtensionService#_doActivateExtension vscode.markdown-language-features, startup: false, activationEvent: 'onLanguage:markdown'
[2021-12-27 21:32:32.313] [exthost] [info] ExtensionService#_doActivateExtension vscode.markdown-math, startup: false, activationEvent: 'api', root cause: vscode.markdown-language-features
[2021-12-27 21:32:35.271] [exthost] [warning] [Decorations] CAPPING events from decorations provider vscode.git 769
[2021-12-27 21:32:40.379] [exthost] [warning] [Decorations] CAPPING events from decorations provider vscode.git 769
[2021-12-27 21:32:45.490] [exthost] [warning] [Decorations] CAPPING events from decorations provider vscode.git 771
[2021-12-27 21:32:50.600] [exthost] [warning] [Decorations] CAPPING events from decorations provider vscode.git 771
[2021-12-27 21:32:55.705] [exthost] [warning] [Decorations] CAPPING events from decorations provider vscode.git 771
[2021-12-27 21:33:00.818] [exthost] [warning] [Decorations] CAPPING events from decorations provider vscode.git 771
[2021-12-27 21:33:05.925] [exthost] [warning] [Decorations] CAPPING events from decorations provider vscode.git 772
[2021-12-27 21:33:11.096] [exthost] [warning] [Decorations] CAPPING events from decorations provider vscode.git 772
[2021-12-27 21:33:16.199] [exthost] [warning] [Decorations] CAPPING events from decorations provider vscode.git 772
[2021-12-27 21:33:21.311] [exthost] [warning] [Decorations] CAPPING events from decorations provider vscode.git 772
[2021-12-27 21:33:26.420] [exthost] [warning] [Decorations] CAPPING events from decorations provider vscode.git 772
[2021-12-27 21:33:31.537] [exthost] [warning] [Decorations] CAPPING events from decorations provider vscode.git 772
[2021-12-27 21:33:36.642] [exthost] [warning] [Decorations] CAPPING events from decorations provider vscode.git 772
[2021-12-27 21:33:41.740] [exthost] [warning] [Decorations] CAPPING events from decorations provider vscode.git 772
[2021-12-27 21:33:46.839] [exthost] [warning] [Decorations] CAPPING events from decorations provider vscode.git 772
[2021-12-27 21:33:51.930] [exthost] [warning] [Decorations] CAPPING events from decorations provider vscode.git 772
[2021-12-27 21:33:57.053] [exthost] [warning] [Decorations] CAPPING events from decorations provider vscode.git 772
[2021-12-27 21:34:02.165] [exthost] [warning] [Decorations] CAPPING events from decorations provider vscode.git 772
[2021-12-27 21:34:07.271] [exthost] [warning] [Decorations] CAPPING events from decorations provider vscode.git 772
[2021-12-27 21:34:12.365] [exthost] [warning] [Decorations] CAPPING events from decorations provider vscode.git 772
[2021-12-27 21:34:17.459] [exthost] [warning] [Decorations] CAPPING events from decorations provider vscode.git 772
[2021-12-27 21:34:22.561] [exthost] [warning] [Decorations] CAPPING events from decorations provider vscode.git 772
[2021-12-27 21:34:27.666] [exthost] [warning] [Decorations] CAPPING events from decorations provider vscode.git 772
[2021-12-27 21:34:32.758] [exthost] [warning] [Decorations] CAPPING events from decorations provider vscode.git 772
[2021-12-27 21:34:37.855] [exthost] [warning] [Decorations] CAPPING events from decorations provider vscode.git 772
[2021-12-27 21:34:42.962] [exthost] [warning] [Decorations] CAPPING events from decorations provider vscode.git 772
[2021-12-27 21:34:48.055] [exthost] [warning] [Decorations] CAPPING events from decorations provider vscode.git 772
[2021-12-27 21:34:53.146] [exthost] [warning] [Decorations] CAPPING events from decorations provider vscode.git 772
[2021-12-27 21:34:58.254] [exthost] [warning] [Decorations] CAPPING events from decorations provider vscode.git 772
[2021-12-27 21:35:03.359] [exthost] [warning] [Decorations] CAPPING events from decorations provider vscode.git 772
[2021-12-27 21:35:08.473] [exthost] [warning] [Decorations] CAPPING events from decorations provider vscode.git 772
[2021-12-27 21:35:13.582] [exthost] [warning] [Decorations] CAPPING events from decorations provider vscode.git 772
[2021-12-27 21:35:18.686] [exthost] [warning] [Decorations] CAPPING events from decorations provider vscode.git 772
[2021-12-27 21:35:23.785] [exthost] [warning] [Decorations] CAPPING events from decorations provider vscode.git 772
[2021-12-27 21:35:28.911] [exthost] [warning] [Decorations] CAPPING events from decorations provider vscode.git 772
[2021-12-27 21:35:34.025] [exthost] [warning] [Decorations] CAPPING events from decorations provider vscode.git 772
[2021-12-27 21:35:39.121] [exthost] [warning] [Decorations] CAPPING events from decorations provider vscode.git 772
[2021-12-27 21:35:44.231] [exthost] [warning] [Decorations] CAPPING events from decorations provider vscode.git 772
[2021-12-27 21:35:49.338] [exthost] [warning] [Decorations] CAPPING events from decorations provider vscode.git 772
[2021-12-27 21:35:54.433] [exthost] [warning] [Decorations] CAPPING events from decorations provider vscode.git 772
[2021-12-27 21:35:59.526] [exthost] [warning] [Decorations] CAPPING events from decorations provider vscode.git 772
[2021-12-27 21:36:04.628] [exthost] [warning] [Decorations] CAPPING events from decorations provider vscode.git 772
[2021-12-27 21:36:09.737] [exthost] [warning] [Decorations] CAPPING events from decorations provider vscode.git 772
[2021-12-27 21:36:14.836] [exthost] [warning] [Decorations] CAPPING events from decorations provider vscode.git 772
[2021-12-27 21:36:19.955] [exthost] [warning] [Decorations] CAPPING events from decorations provider vscode.git 772
[2021-12-27 21:36:25.068] [exthost] [warning] [Decorations] CAPPING events from decorations provider vscode.git 772
[2021-12-27 21:36:30.177] [exthost] [warning] [Decorations] CAPPING events from decorations provider vscode.git 772
[2021-12-27 21:36:35.282] [exthost] [warning] [Decorations] CAPPING events from decorations provider vscode.git 772
[2021-12-27 21:36:40.381] [exthost] [warning] [Decorations] CAPPING events from decorations provider vscode.git 772
[2021-12-27 21:36:45.479] [exthost] [warning] [Decorations] CAPPING events from decorations provider vscode.git 772
[2021-12-27 21:36:50.591] [exthost] [warning] [Decorations] CAPPING events from decorations provider vscode.git 771
[2021-12-27 21:36:55.695] [exthost] [warning] [Decorations] CAPPING events from decorations provider vscode.git 772
[2021-12-27 21:37:00.800] [exthost] [warning] [Decorations] CAPPING events from decorations provider vscode.git 772
[2021-12-27 21:37:05.901] [exthost] [warning] [Decorations] CAPPING events from decorations provider vscode.git 772
[2021-12-27 21:37:11.004] [exthost] [warning] [Decorations] CAPPING events from decorations provider vscode.git 772
[2021-12-27 21:37:16.132] [exthost] [warning] [Decorations] CAPPING events from decorations provider vscode.git 772
