[Info  - 08:20:27] Pylance language server 2021.12.2 (pyright 211ebe44) starting
[Info  - 08:20:27] Server root directory: /home/mauros/.vscode/extensions/ms-python.vscode-pylance-2021.12.2/dist
[Info  - 08:20:27] No configuration file found.
[Info  - 08:20:27] No pyproject.toml file found.
[Info  - 08:20:27] Setting pythonPath for service "python": "/bin/python3"
[Warn  - 08:20:27] stubPath /home/mauros/Documentos/docker-projects/python/typings is not a valid directory.
[Info  - 08:20:27] Assuming Python version 3.8
[Info  - 08:20:27] Assuming Python platform Linux
[Warn  - 08:20:28] Exception received when installing file system watcher: TypeError [ERR_FEATURE_UNAVAILABLE_ON_PLATFORM]: The feature watch recursively is unavailable on the current platform, which is being used to run Node.js
[Warn  - 08:20:28] Exception received when installing file system watcher: TypeError [ERR_FEATURE_UNAVAILABLE_ON_PLATFORM]: The feature watch recursively is unavailable on the current platform, which is being used to run Node.js
[Warn  - 08:20:28] Exception received when installing file system watcher: TypeError [ERR_FEATURE_UNAVAILABLE_ON_PLATFORM]: The feature watch recursively is unavailable on the current platform, which is being used to run Node.js
[Warn  - 08:20:28] Exception received when installing file system watcher: TypeError [ERR_FEATURE_UNAVAILABLE_ON_PLATFORM]: The feature watch recursively is unavailable on the current platform, which is being used to run Node.js
[Info  - 08:20:28] Searching for source files
[Info  - 08:20:28] Found 13 source files
[Info  - 08:20:28] Background analysis(1) root directory: /home/mauros/.vscode/extensions/ms-python.vscode-pylance-2021.12.2/dist
[Info  - 08:20:28] Background analysis(1) started
[Info  - 08:20:29] Searching for source files
[Info  - 08:20:29] Found 13 source files
[Info  - 08:20:39] Searching for source files
[Info  - 08:20:39] Found 13 source files
[Info  - 08:21:01] Searching for source files
[Info  - 08:21:01] Found 13 source files
[Info  - 08:21:17] Searching for source files
[Info  - 08:21:17] Found 13 source files
[Info  - 08:21:39] Searching for source files
[Info  - 08:21:39] Found 13 source files
