Jupyter Extension Version: 2021.11.1001550889.
Python Extension Verison: 2021.12.1559732655.
Info 08:20:26: Experimentation service retrieved: [object Object]
Info 08:20:26: ZMQ install verified.
Error 08:20:26: Jupyter Extension (Error in Failed to update settings.json, method:fixSettingsFile): EntryNotFound (FileSystemError): Não é possível ler o arquivo '/home/mauros/Documentos/docker-projects/python/.vscode/settings.json' (Error: Não é possível resolver o arquivo inexistente '/home/mauros/Documentos/docker-projects/python/.vscode/settings.json')
    at Function._handleError (/usr/share/code/resources/app/out/vs/workbench/services/extensions/node/extensionHostProcess.js:95:84547)
    at Object.readFile (/usr/share/code/resources/app/out/vs/workbench/services/extensions/node/extensionHostProcess.js:95:83461)
    at processTicksAndRejections (internal/process/task_queues.js:93:5)
    at m.readFile (/home/mauros/.vscode/extensions/ms-toolsai.jupyter-2021.11.1001550889/out/client/extension.js:104:380788)
    at g.fixSettingsFile (/home/mauros/.vscode/extensions/ms-toolsai.jupyter-2021.11.1001550889/out/client/extension.js:66:537959)
    at async Promise.all (index 1)
    at g.updateSettings (/home/mauros/.vscode/extensions/ms-toolsai.jupyter-2021.11.1001550889/out/client/extension.js:66:539709) {
  code: 'FileNotFound'
}
Info 08:20:26: Experiment status for python is {"enabled":true,"optInto":[],"optOutFrom":[]}
Info 08:20:27: Process Execution: > /bin/python3 -m pip list
> /bin/python3 -m pip list
Info 08:20:27: Process Execution: > /bin/python3 -c "import pip"
> /bin/python3 -c "import pip"
Info 08:26:26: Shutting down notebooks for 6a81cdd9-d1c6-4e7d-9caf-e44673b0a05c
Info 08:26:26: Disposing HostJupyterExecution f67c469a-41c8-4eb8-b4ec-7c5a2c3aeab0
Info 08:26:26: Disposing super HostJupyterExecution f67c469a-41c8-4eb8-b4ec-7c5a2c3aeab0
Info 08:26:26: Disposing HostJupyterExecution f67c469a-41c8-4eb8-b4ec-7c5a2c3aeab0
Info 08:26:26: Finished disposing HostJupyterExecution  f67c469a-41c8-4eb8-b4ec-7c5a2c3aeab0
Info 08:26:26: Cleaning up server cache f67c469a-41c8-4eb8-b4ec-7c5a2c3aeab0
Info 08:26:26: Finished disposing HostJupyterExecution  f67c469a-41c8-4eb8-b4ec-7c5a2c3aeab0
