[2021-12-28 08:03:41.922] [renderer1] [error] [Extension Host] (node:6704) [DEP0005] DeprecationWarning: Buffer() is deprecated due to security and usability issues. Please use the Buffer.alloc(), Buffer.allocUnsafe(), or Buffer.from() methods instead.
(Use `code --trace-deprecation ...` to show where the warning was created)
[2021-12-28 08:03:54.208] [renderer1] [warning] UNRESPONSIVE extension host, 'ritwickdey.LiveServer' took 98% of 5124.723ms, saved PROFILE here: 'file:///tmp/exthost-575102.cpuprofile' [{"id":"naumovs.color-highlight","total":46304,"percentage":1},{"id":"ritwickdey.LiveServer","total":5008693,"percentage":98},{"id":"self","total":69475,"percentage":1}]
[2021-12-28 08:19:55.797] [renderer1] [error] [text file model] handleSaveError(138) - exit - resulted in a save error: Error: Não é possível gravar o arquivo '/home/mauros/Documentos/docker-projects/python/polls/views.py' (NoPermissions (FileSystemError): Error: EACCES: permission denied, open '/home/mauros/Documentos/docker-projects/python/polls/views.py') file:///home/mauros/Documentos/docker-projects/python/polls/views.py
[2021-12-28 08:19:56.049] [renderer1] [error] [text file model] handleSaveError(138) - exit - resulted in a save error: Error: Não é possível gravar o arquivo '/home/mauros/Documentos/docker-projects/python/polls/views.py' (NoPermissions (FileSystemError): Error: EACCES: permission denied, open '/home/mauros/Documentos/docker-projects/python/polls/views.py') file:///home/mauros/Documentos/docker-projects/python/polls/views.py
[2021-12-28 08:19:56.273] [renderer1] [error] [text file model] handleSaveError(138) - exit - resulted in a save error: Error: Não é possível gravar o arquivo '/home/mauros/Documentos/docker-projects/python/polls/views.py' (NoPermissions (FileSystemError): Error: EACCES: permission denied, open '/home/mauros/Documentos/docker-projects/python/polls/views.py') file:///home/mauros/Documentos/docker-projects/python/polls/views.py
[2021-12-28 08:20:28.531] [renderer1] [error] Module 'pip' not installed.: Error: Module 'pip' not installed.
    at s.execModule (/home/mauros/.vscode/extensions/ms-toolsai.jupyter-2021.11.1001550889/out/client/extension.js:66:714740)
    at r.getPackageInformation (/home/mauros/.vscode/extensions/ms-toolsai.jupyter-2021.11.1001550889/out/client/extension.js:16:289400)
[2021-12-28 08:21:36.685] [renderer1] [error] Error: Não é possível gravar o arquivo '/home/mauros/Documentos/docker-projects/python/polls/urls.py' (NoPermissions (FileSystemError): Error: EACCES: permission denied, open '/home/mauros/Documentos/docker-projects/python/polls/urls.py')
    at Ei.writeFile (vscode-file://vscode-app/usr/share/code/resources/app/out/vs/workbench/workbench.desktop.main.js:577:32708)
    at async Ei.createFile (vscode-file://vscode-app/usr/share/code/resources/app/out/vs/workbench/workbench.desktop.main.js:577:31921)
    at async Promise.all (index 0)
    at async Object.G [as settled] (vscode-file://vscode-app/usr/share/code/resources/app/out/vs/workbench/workbench.desktop.main.js:77:21917)
    at async n.doCreateFileOrFolder (vscode-file://vscode-app/usr/share/code/resources/app/out/vs/workbench/workbench.desktop.main.js:2363:56800)
    at async g.perform (vscode-file://vscode-app/usr/share/code/resources/app/out/vs/workbench/workbench.desktop.main.js:2369:23181)
    at async r.apply (vscode-file://vscode-app/usr/share/code/resources/app/out/vs/workbench/workbench.desktop.main.js:2369:26540)
    at async o._performFileEdits (vscode-file://vscode-app/usr/share/code/resources/app/out/vs/workbench/workbench.desktop.main.js:2369:28623)
    at async o.perform (vscode-file://vscode-app/usr/share/code/resources/app/out/vs/workbench/workbench.desktop.main.js:2369:28166)
    at async r.apply (vscode-file://vscode-app/usr/share/code/resources/app/out/vs/workbench/workbench.desktop.main.js:2369:30428)
    at async vscode-file://vscode-app/usr/share/code/resources/app/out/vs/workbench/workbench.desktop.main.js:1506:64020
[2021-12-28 08:21:36.688] [renderer1] [error] Não é possível gravar o arquivo '/home/mauros/Documentos/docker-projects/python/polls/urls.py' (NoPermissions (FileSystemError): Error: EACCES: permission denied, open '/home/mauros/Documentos/docker-projects/python/polls/urls.py'): Error: Não é possível gravar o arquivo '/home/mauros/Documentos/docker-projects/python/polls/urls.py' (NoPermissions (FileSystemError): Error: EACCES: permission denied, open '/home/mauros/Documentos/docker-projects/python/polls/urls.py')
    at Ei.writeFile (vscode-file://vscode-app/usr/share/code/resources/app/out/vs/workbench/workbench.desktop.main.js:577:32708)
    at async Ei.createFile (vscode-file://vscode-app/usr/share/code/resources/app/out/vs/workbench/workbench.desktop.main.js:577:31921)
    at async Promise.all (index 0)
    at async Object.G [as settled] (vscode-file://vscode-app/usr/share/code/resources/app/out/vs/workbench/workbench.desktop.main.js:77:21917)
    at async n.doCreateFileOrFolder (vscode-file://vscode-app/usr/share/code/resources/app/out/vs/workbench/workbench.desktop.main.js:2363:56800)
    at async g.perform (vscode-file://vscode-app/usr/share/code/resources/app/out/vs/workbench/workbench.desktop.main.js:2369:23181)
    at async r.apply (vscode-file://vscode-app/usr/share/code/resources/app/out/vs/workbench/workbench.desktop.main.js:2369:26540)
    at async o._performFileEdits (vscode-file://vscode-app/usr/share/code/resources/app/out/vs/workbench/workbench.desktop.main.js:2369:28623)
    at async o.perform (vscode-file://vscode-app/usr/share/code/resources/app/out/vs/workbench/workbench.desktop.main.js:2369:28166)
    at async r.apply (vscode-file://vscode-app/usr/share/code/resources/app/out/vs/workbench/workbench.desktop.main.js:2369:30428)
    at async vscode-file://vscode-app/usr/share/code/resources/app/out/vs/workbench/workbench.desktop.main.js:1506:64020
[2021-12-28 08:26:22.103] [renderer1] [error] Error: Não é possível gravar o arquivo '/home/mauros/Documentos/docker-projects/python/polls/urls.py' (NoPermissions (FileSystemError): Error: EACCES: permission denied, open '/home/mauros/Documentos/docker-projects/python/polls/urls.py')
    at Ei.writeFile (vscode-file://vscode-app/usr/share/code/resources/app/out/vs/workbench/workbench.desktop.main.js:577:32708)
    at async Ei.createFile (vscode-file://vscode-app/usr/share/code/resources/app/out/vs/workbench/workbench.desktop.main.js:577:31921)
    at async Promise.all (index 0)
    at async Object.G [as settled] (vscode-file://vscode-app/usr/share/code/resources/app/out/vs/workbench/workbench.desktop.main.js:77:21917)
    at async n.doCreateFileOrFolder (vscode-file://vscode-app/usr/share/code/resources/app/out/vs/workbench/workbench.desktop.main.js:2363:56800)
    at async g.perform (vscode-file://vscode-app/usr/share/code/resources/app/out/vs/workbench/workbench.desktop.main.js:2369:23181)
    at async r.apply (vscode-file://vscode-app/usr/share/code/resources/app/out/vs/workbench/workbench.desktop.main.js:2369:26540)
    at async o._performFileEdits (vscode-file://vscode-app/usr/share/code/resources/app/out/vs/workbench/workbench.desktop.main.js:2369:28623)
    at async o.perform (vscode-file://vscode-app/usr/share/code/resources/app/out/vs/workbench/workbench.desktop.main.js:2369:28166)
    at async r.apply (vscode-file://vscode-app/usr/share/code/resources/app/out/vs/workbench/workbench.desktop.main.js:2369:30428)
    at async vscode-file://vscode-app/usr/share/code/resources/app/out/vs/workbench/workbench.desktop.main.js:1506:64020
[2021-12-28 08:26:22.105] [renderer1] [error] Não é possível gravar o arquivo '/home/mauros/Documentos/docker-projects/python/polls/urls.py' (NoPermissions (FileSystemError): Error: EACCES: permission denied, open '/home/mauros/Documentos/docker-projects/python/polls/urls.py'): Error: Não é possível gravar o arquivo '/home/mauros/Documentos/docker-projects/python/polls/urls.py' (NoPermissions (FileSystemError): Error: EACCES: permission denied, open '/home/mauros/Documentos/docker-projects/python/polls/urls.py')
    at Ei.writeFile (vscode-file://vscode-app/usr/share/code/resources/app/out/vs/workbench/workbench.desktop.main.js:577:32708)
    at async Ei.createFile (vscode-file://vscode-app/usr/share/code/resources/app/out/vs/workbench/workbench.desktop.main.js:577:31921)
    at async Promise.all (index 0)
    at async Object.G [as settled] (vscode-file://vscode-app/usr/share/code/resources/app/out/vs/workbench/workbench.desktop.main.js:77:21917)
    at async n.doCreateFileOrFolder (vscode-file://vscode-app/usr/share/code/resources/app/out/vs/workbench/workbench.desktop.main.js:2363:56800)
    at async g.perform (vscode-file://vscode-app/usr/share/code/resources/app/out/vs/workbench/workbench.desktop.main.js:2369:23181)
    at async r.apply (vscode-file://vscode-app/usr/share/code/resources/app/out/vs/workbench/workbench.desktop.main.js:2369:26540)
    at async o._performFileEdits (vscode-file://vscode-app/usr/share/code/resources/app/out/vs/workbench/workbench.desktop.main.js:2369:28623)
    at async o.perform (vscode-file://vscode-app/usr/share/code/resources/app/out/vs/workbench/workbench.desktop.main.js:2369:28166)
    at async r.apply (vscode-file://vscode-app/usr/share/code/resources/app/out/vs/workbench/workbench.desktop.main.js:2369:30428)
    at async vscode-file://vscode-app/usr/share/code/resources/app/out/vs/workbench/workbench.desktop.main.js:1506:64020
