[2021-12-27 20:29:39.859] [exthost] [info] Extension host with pid 57832 started
[2021-12-27 20:29:40.019] [exthost] [info] ExtensionService#_doActivateExtension vscode.microsoft-authentication, startup: false, activationEvent: 'onAuthenticationRequest:microsoft'
[2021-12-27 20:29:40.039] [exthost] [info] ExtensionService#_doActivateExtension vscode.debug-auto-launch, startup: true, activationEvent: '*'
[2021-12-27 20:29:40.044] [exthost] [info] ExtensionService#_doActivateExtension vscode.git-base, startup: true, activationEvent: '*', root cause: vscode.github
[2021-12-27 20:29:40.048] [exthost] [info] ExtensionService#_doActivateExtension chenxsan.vscode-standardjs, startup: true, activationEvent: '*'
[2021-12-27 20:29:40.080] [exthost] [info] ExtensionService#_doActivateExtension naumovs.color-highlight, startup: true, activationEvent: '*'
[2021-12-27 20:29:40.091] [exthost] [info] ExtensionService#_doActivateExtension ritwickdey.LiveServer, startup: true, activationEvent: '*'
[2021-12-27 20:29:40.396] [exthost] [info] ExtensionService#_doActivateExtension vscode-icons-team.vscode-icons, startup: true, activationEvent: '*'
[2021-12-27 20:29:40.423] [exthost] [info] ExtensionService#_doActivateExtension Zignd.html-css-class-completion, startup: true, activationEvent: '*'
[2021-12-27 20:29:40.849] [exthost] [info] ExtensionService#_doActivateExtension vscode.github-authentication, startup: false, activationEvent: 'onAuthenticationRequest:github'
[2021-12-27 20:29:50.023] [exthost] [info] ExtensionService#_doActivateExtension vscode.emmet, startup: false, activationEvent: 'onStartupFinished'
[2021-12-27 20:29:50.064] [exthost] [info] ExtensionService#_doActivateExtension vscode.merge-conflict, startup: false, activationEvent: 'onStartupFinished'
[2021-12-27 20:29:50.066] [exthost] [info] ExtensionService#_doActivateExtension esbenp.prettier-vscode, startup: false, activationEvent: 'onStartupFinished'
[2021-12-27 20:29:50.749] [exthost] [info] ExtensionService#_doActivateExtension ms-vscode-remote.remote-containers, startup: false, activationEvent: 'onStartupFinished'
[2021-12-27 20:29:50.878] [exthost] [info] ExtensionService#_doActivateExtension PKief.material-icon-theme, startup: false, activationEvent: 'onStartupFinished'
[2021-12-27 20:30:15.024] [exthost] [info] extension host terminating: renderer closed the socket
[2021-12-27 20:30:15.066] [exthost] [info] Extension host with pid 57832 exiting with code 0
[2021-12-27 20:30:18.144] [exthost] [info] Extension host with pid 58011 started
[2021-12-27 20:30:18.144] [exthost] [info] Skipping acquiring lock for /home/mauros/Documentos/docker-projects/python/~/root/User/workspaceStorage/4e4c7c781243285d82a93f0d88aceb65.
[2021-12-27 20:30:18.457] [exthost] [info] ExtensionService#_doActivateExtension vscode.microsoft-authentication, startup: false, activationEvent: 'onAuthenticationRequest:microsoft'
[2021-12-27 20:30:18.468] [exthost] [info] ExtensionService#_doActivateExtension ms-azuretools.vscode-docker, startup: false, activationEvent: 'onLanguage:dockercompose'
[2021-12-27 20:30:18.614] [exthost] [info] ExtensionService#_doActivateExtension vscode.debug-auto-launch, startup: true, activationEvent: '*'
[2021-12-27 20:30:18.617] [exthost] [info] ExtensionService#_doActivateExtension vscode.git-base, startup: true, activationEvent: '*', root cause: vscode.github
[2021-12-27 20:30:18.621] [exthost] [info] ExtensionService#_doActivateExtension chenxsan.vscode-standardjs, startup: true, activationEvent: '*'
[2021-12-27 20:30:18.645] [exthost] [info] ExtensionService#_doActivateExtension naumovs.color-highlight, startup: true, activationEvent: '*'
[2021-12-27 20:30:18.655] [exthost] [info] ExtensionService#_doActivateExtension ritwickdey.LiveServer, startup: true, activationEvent: '*'
[2021-12-27 20:30:18.932] [exthost] [info] ExtensionService#_doActivateExtension vscode-icons-team.vscode-icons, startup: true, activationEvent: '*'
[2021-12-27 20:30:18.955] [exthost] [info] ExtensionService#_doActivateExtension Zignd.html-css-class-completion, startup: true, activationEvent: '*'
[2021-12-27 20:30:19.493] [exthost] [info] ExtensionService#_doActivateExtension p1c2u.docker-compose, startup: true, activationEvent: 'workspaceContains:**/docker-compose.yml'
[2021-12-27 20:30:19.769] [exthost] [info] ExtensionService#_doActivateExtension vscode.github-authentication, startup: false, activationEvent: 'onAuthenticationRequest:github'
[2021-12-27 20:30:28.298] [exthost] [info] ExtensionService#_doActivateExtension vscode.emmet, startup: false, activationEvent: 'onStartupFinished'
[2021-12-27 20:30:28.324] [exthost] [info] ExtensionService#_doActivateExtension vscode.merge-conflict, startup: false, activationEvent: 'onStartupFinished'
[2021-12-27 20:30:28.326] [exthost] [info] ExtensionService#_doActivateExtension esbenp.prettier-vscode, startup: false, activationEvent: 'onStartupFinished'
[2021-12-27 20:30:28.919] [exthost] [info] ExtensionService#_doActivateExtension ms-vscode-remote.remote-containers, startup: false, activationEvent: 'onStartupFinished'
[2021-12-27 20:30:29.037] [exthost] [info] ExtensionService#_doActivateExtension PKief.material-icon-theme, startup: false, activationEvent: 'onStartupFinished'
[2021-12-27 20:30:29.266] [exthost] [info] ExtensionService#_doActivateExtension vscode.configuration-editing, startup: false, activationEvent: 'onLanguage:jsonc'
[2021-12-27 20:30:29.396] [exthost] [info] ExtensionService#_doActivateExtension vscode.json-language-features, startup: false, activationEvent: 'onLanguage:jsonc'
[2021-12-27 20:30:29.547] [exthost] [info] ExtensionService#_doActivateExtension vscode.typescript-language-features, startup: false, activationEvent: 'onLanguage:jsonc'
[2021-12-27 20:30:29.935] [exthost] [info] ExtensionService#_doActivateExtension vscode.git, startup: true, activationEvent: '*'
[2021-12-27 20:30:30.019] [exthost] [info] ExtensionService#_doActivateExtension vscode.github, startup: true, activationEvent: '*'
[2021-12-27 20:30:30.177] [exthost] [info] Eager extensions activated
[2021-12-27 20:30:42.414] [exthost] [info] extension host terminating: renderer closed the socket
[2021-12-27 20:30:42.472] [exthost] [info] Extension host with pid 58011 exiting with code 0
